<?xml version="1.0" encoding="UTF-8"?>
<!-- Generated by org.testng.reporters.JUnitXMLReporter -->
<testsuite hostname="PankajKumar-HP" ignored="0" name="Default test" tests="5" failures="0" timestamp="04 Sep 2020 18:39:25 GMT" time="24.225" errors="0">
  <testcase name="accept_Cookies" time="0.312" classname="com.qa.Script.Test_Script"/>
  <testcase name="search_City" time="3.516" classname="com.qa.Script.Test_Script"/>
  <testcase name="price_list_Of_House" time="7.539" classname="com.qa.Script.Test_Script"/>
  <testcase name="sorting_The_Price" time="6.867" classname="com.qa.Script.Test_Script"/>
  <testcase name="verifying_the_Selected_House" time="5.801" classname="com.qa.Script.Test_Script"/>
</testsuite> <!-- Default test -->
