<?xml version="1.0" encoding="UTF-8"?>
<testng-results skipped="0" failed="0" ignored="0" total="5" passed="5">
  <reporter-output>
  </reporter-output>
  <suite name="Regression_Suite" duration-ms="30434" started-at="2020-09-06T00:54:33Z" finished-at="2020-09-06T00:55:03Z">
    <groups>
    </groups>
    <test name="Search_Test" duration-ms="2813" started-at="2020-09-06T00:54:33Z" finished-at="2020-09-06T00:54:36Z">
      <class name="com.qa.Script.Search_Script">
        <test-method status="PASS" signature="setup()[pri:0, instance:com.qa.Script.Search_Script@2145b572]" name="setup" is-config="true" duration-ms="118" started-at="2020-09-06T00:54:33Z" finished-at="2020-09-06T00:54:33Z">
          <reporter-output>
          </reporter-output>
        </test-method> <!-- setup -->
        <test-method status="PASS" signature="accept_Cookies()[pri:1, instance:com.qa.Script.Search_Script@2145b572]" name="accept_Cookies" duration-ms="271" started-at="2020-09-06T00:54:33Z" finished-at="2020-09-06T00:54:33Z">
          <reporter-output>
          </reporter-output>
        </test-method> <!-- accept_Cookies -->
        <test-method status="PASS" signature="search_City()[pri:2, instance:com.qa.Script.Search_Script@2145b572]" name="search_City" duration-ms="2379" started-at="2020-09-06T00:54:33Z" finished-at="2020-09-06T00:54:36Z">
          <reporter-output>
          </reporter-output>
        </test-method> <!-- search_City -->
      </class> <!-- com.qa.Script.Search_Script -->
    </test> <!-- Search_Test -->
    <test name="Propert_Test" duration-ms="20597" started-at="2020-09-06T00:54:37Z" finished-at="2020-09-06T00:54:57Z">
      <class name="com.qa.Script.Script_Property">
        <test-method status="PASS" signature="setup()[pri:0, instance:com.qa.Script.Script_Property@6973b51b]" name="setup" is-config="true" duration-ms="10" started-at="2020-09-06T00:54:37Z" finished-at="2020-09-06T00:54:37Z">
          <reporter-output>
          </reporter-output>
        </test-method> <!-- setup -->
        <test-method status="PASS" signature="select_dropdown()[pri:1, instance:com.qa.Script.Script_Property@6973b51b]" name="select_dropdown" duration-ms="7052" started-at="2020-09-06T00:54:37Z" finished-at="2020-09-06T00:54:44Z">
          <reporter-output>
          </reporter-output>
        </test-method> <!-- select_dropdown -->
        <test-method status="PASS" signature="properties_List()[pri:2, instance:com.qa.Script.Script_Property@6973b51b]" name="properties_List" duration-ms="13519" started-at="2020-09-06T00:54:44Z" finished-at="2020-09-06T00:54:57Z">
          <reporter-output>
          </reporter-output>
        </test-method> <!-- properties_List -->
      </class> <!-- com.qa.Script.Script_Property -->
    </test> <!-- Propert_Test -->
    <test name="Verify_Test" duration-ms="6233" started-at="2020-09-06T00:54:57Z" finished-at="2020-09-06T00:55:03Z">
      <class name="com.qa.Script.Agent_verify_Script">
        <test-method status="PASS" signature="intial_setUp()[pri:0, instance:com.qa.Script.Agent_verify_Script@402bba4f]" name="intial_setUp" is-config="true" duration-ms="8376" started-at="2020-09-06T00:54:25Z" finished-at="2020-09-06T00:54:33Z">
          <reporter-output>
          </reporter-output>
        </test-method> <!-- intial_setUp -->
        <test-method status="PASS" signature="setup()[pri:0, instance:com.qa.Script.Agent_verify_Script@402bba4f]" name="setup" is-config="true" duration-ms="2" started-at="2020-09-06T00:54:57Z" finished-at="2020-09-06T00:54:57Z">
          <reporter-output>
          </reporter-output>
        </test-method> <!-- setup -->
        <test-method status="PASS" signature="verify_property()[pri:0, instance:com.qa.Script.Agent_verify_Script@402bba4f]" name="verify_property" duration-ms="6224" started-at="2020-09-06T00:54:57Z" finished-at="2020-09-06T00:55:03Z">
          <reporter-output>
          </reporter-output>
        </test-method> <!-- verify_property -->
        <test-method status="PASS" signature="tearDown()[pri:0, instance:com.qa.Script.Agent_verify_Script@402bba4f]" name="tearDown" is-config="true" duration-ms="872" started-at="2020-09-06T00:55:04Z" finished-at="2020-09-06T00:55:04Z">
          <reporter-output>
          </reporter-output>
        </test-method> <!-- tearDown -->
      </class> <!-- com.qa.Script.Agent_verify_Script -->
    </test> <!-- Verify_Test -->
  </suite> <!-- Regression_Suite -->
</testng-results>
