<?xml version="1.0" encoding="UTF-8"?>
<!-- Generated by org.testng.reporters.JUnitXMLReporter -->
<testsuite hostname="PankajKumar-HP" ignored="0" name="firefoxtest" tests="5" failures="5" timestamp="05 Sep 2020 04:20:33 GMT" time="0.033" errors="0">
  <testcase name="@BeforeSuite intial_setUp" time="0.016" classname="com.qa.utility.TestBase">
    <failure type="java.lang.NullPointerException">
      <![CDATA[java.lang.NullPointerException
at com.qa.utility.Browser_Utility.launchbrwsr(Browser_Utility.java:26)
at com.qa.utility.TestBase.intial_setUp(TestBase.java:22)
... Removed 20 stack frames]]>
    </failure>
  </testcase> <!-- @BeforeSuite intial_setUp -->
  <testcase name="@BeforeTest setup" time="0.0" classname="com.qa.Script.Test_Script">
    <skipped/>
  </testcase> <!-- @BeforeTest setup -->
  <testcase name="accept_Cookies" time="0.0" classname="com.qa.Script.Test_Script">
    <failure type="java.lang.NullPointerException">
      <![CDATA[java.lang.NullPointerException
at com.qa.listner.Listner.onTestSkipped(Listner.java:44)
at java.util.concurrent.ThreadPoolExecutor.runWorker(Unknown Source)
at java.util.concurrent.ThreadPoolExecutor$Worker.run(Unknown Source)
at java.lang.Thread.run(Unknown Source)
... Removed 8 stack frames]]>
    </failure>
  </testcase> <!-- accept_Cookies -->
  <testcase name="search_City" time="0.004" classname="com.qa.Script.Test_Script">
    <failure type="java.lang.NullPointerException">
      <![CDATA[java.lang.NullPointerException
at com.qa.listner.Listner.onTestSkipped(Listner.java:44)
at java.util.concurrent.ThreadPoolExecutor.runWorker(Unknown Source)
at java.util.concurrent.ThreadPoolExecutor$Worker.run(Unknown Source)
at java.lang.Thread.run(Unknown Source)
... Removed 8 stack frames]]>
    </failure>
  </testcase> <!-- search_City -->
  <testcase name="price_list_Of_House" time="0.001" classname="com.qa.Script.Test_Script">
    <failure type="java.lang.NullPointerException">
      <![CDATA[java.lang.NullPointerException
at com.qa.listner.Listner.onTestSkipped(Listner.java:44)
at java.util.concurrent.ThreadPoolExecutor.runWorker(Unknown Source)
at java.util.concurrent.ThreadPoolExecutor$Worker.run(Unknown Source)
at java.lang.Thread.run(Unknown Source)
... Removed 8 stack frames]]>
    </failure>
  </testcase> <!-- price_list_Of_House -->
  <testcase name="sorting_The_Price" time="0.0" classname="com.qa.Script.Test_Script">
    <failure type="java.lang.NullPointerException">
      <![CDATA[java.lang.NullPointerException
at com.qa.listner.Listner.onTestSkipped(Listner.java:44)
at java.util.concurrent.ThreadPoolExecutor.runWorker(Unknown Source)
at java.util.concurrent.ThreadPoolExecutor$Worker.run(Unknown Source)
at java.lang.Thread.run(Unknown Source)
... Removed 8 stack frames]]>
    </failure>
  </testcase> <!-- sorting_The_Price -->
  <testcase name="verifying_the_Selected_House" time="0.001" classname="com.qa.Script.Test_Script">
    <failure type="java.lang.NullPointerException">
      <![CDATA[java.lang.NullPointerException
at com.qa.listner.Listner.onTestSkipped(Listner.java:44)
at java.util.concurrent.ThreadPoolExecutor.runWorker(Unknown Source)
at java.util.concurrent.ThreadPoolExecutor$Worker.run(Unknown Source)
at java.lang.Thread.run(Unknown Source)
... Removed 8 stack frames]]>
    </failure>
  </testcase> <!-- verifying_the_Selected_House -->
</testsuite> <!-- firefoxtest -->
